<?xml version="1.0" encoding="UTF-8"?>
<coverage generated="1530054604689" clover="3.2.0">
  <project timestamp="1530054604689" name="All files">
    <metrics statements="108" coveredstatements="108" conditionals="78" coveredconditionals="78" methods="26" coveredmethods="26" elements="212" coveredelements="212" complexity="0" loc="108" ncloc="108" packages="1" files="1" classes="1">
      <file name="text-decorator.ts" path="/Users/kswenson/Development/precipitating-change/text-plugins/packages/text-decorator/src/text-decorator.ts">
        <metrics statements="108" coveredstatements="108" conditionals="78" coveredconditionals="78" methods="26" coveredmethods="26"/>
        <line num="32" count="42" type="stmt"/>
        <line num="33" count="42" type="stmt"/>
        <line num="34" count="179" type="stmt"/>
        <line num="35" count="179" type="cond" truecount="2" falsecount="0"/>
        <line num="36" count="2" type="stmt"/>
        <line num="38" count="177" type="cond" truecount="2" falsecount="0"/>
        <line num="39" count="3" type="cond" truecount="2" falsecount="0"/>
        <line num="40" count="1" type="stmt"/>
        <line num="43" count="40" type="stmt"/>
        <line num="48" count="42" type="stmt"/>
        <line num="53" count="42" type="stmt"/>
        <line num="57" count="47" type="stmt"/>
        <line num="58" count="42" type="stmt"/>
        <line num="59" count="47" type="stmt"/>
        <line num="81" count="14" type="stmt"/>
        <line num="83" count="14" type="stmt"/>
        <line num="84" count="14" type="stmt"/>
        <line num="85" count="14" type="stmt"/>
        <line num="87" count="14" type="stmt"/>
        <line num="88" count="39" type="stmt"/>
        <line num="89" count="39" type="cond" truecount="2" falsecount="0"/>
        <line num="90" count="19" type="stmt"/>
        <line num="91" count="19" type="stmt"/>
        <line num="92" count="19" type="stmt"/>
        <line num="94" count="20" type="cond" truecount="4" falsecount="0"/>
        <line num="95" count="25" type="stmt"/>
        <line num="97" count="39" type="stmt"/>
        <line num="99" count="14" type="stmt"/>
        <line num="102" count="14" type="stmt"/>
        <line num="103" count="14" type="stmt"/>
        <line num="104" count="19" type="stmt"/>
        <line num="105" count="19" type="stmt"/>
        <line num="106" count="19" type="stmt"/>
        <line num="107" count="19" type="cond" truecount="2" falsecount="0"/>
        <line num="108" count="10" type="cond" truecount="2" falsecount="0"/>
        <line num="109" count="10" type="cond" truecount="2" falsecount="0"/>
        <line num="110" count="10" type="stmt"/>
        <line num="113" count="14" type="stmt"/>
        <line num="141" count="5" type="cond" truecount="2" falsecount="0"/>
        <line num="142" count="3" type="cond" truecount="2" falsecount="0"/>
        <line num="143" count="3" type="stmt"/>
        <line num="144" count="3" type="stmt"/>
        <line num="145" count="3" type="stmt"/>
        <line num="146" count="4" type="stmt"/>
        <line num="152" count="5" type="cond" truecount="2" falsecount="0"/>
        <line num="153" count="3" type="cond" truecount="2" falsecount="0"/>
        <line num="154" count="3" type="stmt"/>
        <line num="155" count="3" type="stmt"/>
        <line num="156" count="3" type="stmt"/>
        <line num="157" count="4" type="stmt"/>
        <line num="191" count="33" type="stmt"/>
        <line num="193" count="33" type="cond" truecount="2" falsecount="0"/>
        <line num="194" count="15" type="stmt"/>
        <line num="195" count="15" type="cond" truecount="2" falsecount="0"/>
        <line num="200" count="15" type="stmt"/>
        <line num="203" count="33" type="stmt"/>
        <line num="204" count="69" type="stmt"/>
        <line num="208" count="69" type="cond" truecount="5" falsecount="0"/>
        <line num="209" count="12" type="stmt"/>
        <line num="211" count="57" type="cond" truecount="6" falsecount="0"/>
        <line num="212" count="4" type="stmt"/>
        <line num="217" count="53" type="cond" truecount="2" falsecount="0"/>
        <line num="218" count="26" type="stmt"/>
        <line num="219" count="26" type="cond" truecount="2" falsecount="0"/>
        <line num="221" count="9" type="stmt"/>
        <line num="224" count="17" type="stmt"/>
        <line num="225" count="17" type="stmt"/>
        <line num="226" count="17" type="stmt"/>
        <line num="228" count="17" type="stmt"/>
        <line num="230" count="15" type="stmt"/>
        <line num="233" count="17" type="cond" truecount="2" falsecount="0"/>
        <line num="235" count="13" type="cond" truecount="5" falsecount="0"/>
        <line num="236" count="5" type="stmt"/>
        <line num="239" count="8" type="stmt"/>
        <line num="240" count="10" type="cond" truecount="2" falsecount="0"/>
        <line num="242" count="10" type="cond" truecount="2" falsecount="0"/>
        <line num="243" count="6" type="stmt"/>
        <line num="246" count="10" type="stmt"/>
        <line num="247" count="10" type="stmt"/>
        <line num="250" count="8" type="cond" truecount="2" falsecount="0"/>
        <line num="251" count="5" type="stmt"/>
        <line num="253" count="8" type="stmt"/>
        <line num="258" count="27" type="cond" truecount="2" falsecount="0"/>
        <line num="259" count="6" type="stmt"/>
        <line num="261" count="6" type="stmt"/>
        <line num="262" count="17" type="stmt"/>
        <line num="263" count="17" type="cond" truecount="2" falsecount="0"/>
        <line num="264" count="2" type="stmt"/>
        <line num="267" count="15" type="stmt"/>
        <line num="269" count="17" type="stmt"/>
        <line num="271" count="6" type="cond" truecount="4" falsecount="0"/>
        <line num="272" count="12" type="stmt"/>
        <line num="274" count="1" type="stmt"/>
        <line num="276" count="5" type="stmt"/>
        <line num="281" count="21" type="stmt"/>
        <line num="282" count="21" type="cond" truecount="4" falsecount="0"/>
        <line num="283" count="19" type="stmt"/>
        <line num="285" count="19" type="stmt"/>
        <line num="290" count="2" type="stmt"/>
        <line num="292" count="33" type="stmt"/>
        <line num="315" count="1" type="stmt"/>
        <line num="316" count="1" type="stmt"/>
        <line num="317" count="1" type="stmt"/>
        <line num="318" count="1" type="stmt"/>
        <line num="320" count="1" type="stmt"/>
        <line num="335" count="4" type="stmt"/>
        <line num="336" count="1" type="stmt"/>
        <line num="337" count="1" type="stmt"/>
      </file>
    </metrics>
  </project>
</coverage>
