{"/Users/kswenson/Development/precipitating-change/text-plugins/packages/text-decorator/src/text-decorator.ts": {"path":"/Users/kswenson/Development/precipitating-change/text-plugins/packages/text-decorator/src/text-decorator.ts","statementMap":{"0":{"start":{"line":32,"column":21},"end":{"line":32,"column":22}},"1":{"start":{"line":33,"column":2},"end":{"line":42,"column":3}},"2":{"start":{"line":34,"column":14},"end":{"line":34,"column":27}},"3":{"start":{"line":35,"column":4},"end":{"line":41,"column":5}},"4":{"start":{"line":36,"column":6},"end":{"line":36,"column":21}},"5":{"start":{"line":38,"column":9},"end":{"line":41,"column":5}},"6":{"start":{"line":39,"column":6},"end":{"line":39,"column":41}},"7":{"start":{"line":39,"column":29},"end":{"line":39,"column":41}},"8":{"start":{"line":40,"column":6},"end":{"line":40,"column":21}},"9":{"start":{"line":43,"column":2},"end":{"line":43,"column":28}},"10":{"start":{"line":48,"column":16},"end":{"line":52,"column":49}},"11":{"start":{"line":53,"column":2},"end":{"line":53,"column":36}},"12":{"start":{"line":57,"column":18},"end":{"line":58,"column":45}},"13":{"start":{"line":57,"column":36},"end":{"line":57,"column":54}},"14":{"start":{"line":58,"column":38},"end":{"line":58,"column":44}},"15":{"start":{"line":59,"column":2},"end":{"line":59,"column":70}},"16":{"start":{"line":81,"column":31},"end":{"line":81,"column":33}},"17":{"start":{"line":83,"column":16},"end":{"line":83,"column":44}},"18":{"start":{"line":84,"column":38},"end":{"line":84,"column":70}},"19":{"start":{"line":85,"column":25},"end":{"line":85,"column":74}},"20":{"start":{"line":87,"column":27},"end":{"line":98,"column":3}},"21":{"start":{"line":88,"column":25},"end":{"line":88,"column":50}},"22":{"start":{"line":89,"column":4},"end":{"line":96,"column":5}},"23":{"start":{"line":90,"column":23},"end":{"line":90,"column":46}},"24":{"start":{"line":91,"column":23},"end":{"line":91,"column":62}},"25":{"start":{"line":92,"column":6},"end":{"line":92,"column":78}},"26":{"start":{"line":94,"column":9},"end":{"line":96,"column":5}},"27":{"start":{"line":95,"column":6},"end":{"line":95,"column":72}},"28":{"start":{"line":95,"column":48},"end":{"line":95,"column":70}},"29":{"start":{"line":97,"column":4},"end":{"line":97,"column":16}},"30":{"start":{"line":99,"column":2},"end":{"line":99,"column":29}},"31":{"start":{"line":102,"column":15},"end":{"line":102,"column":20}},"32":{"start":{"line":103,"column":2},"end":{"line":112,"column":3}},"33":{"start":{"line":104,"column":20},"end":{"line":104,"column":31}},"34":{"start":{"line":105,"column":17},"end":{"line":105,"column":61}},"35":{"start":{"line":106,"column":20},"end":{"line":106,"column":56}},"36":{"start":{"line":107,"column":4},"end":{"line":111,"column":5}},"37":{"start":{"line":108,"column":21},"end":{"line":108,"column":80}},"38":{"start":{"line":109,"column":21},"end":{"line":109,"column":85}},"39":{"start":{"line":110,"column":6},"end":{"line":110,"column":46}},"40":{"start":{"line":113,"column":2},"end":{"line":113,"column":16}},"41":{"start":{"line":141,"column":34},"end":{"line":141,"column":74}},"42":{"start":{"line":142,"column":25},"end":{"line":142,"column":75}},"43":{"start":{"line":143,"column":19},"end":{"line":143,"column":62}},"44":{"start":{"line":144,"column":2},"end":{"line":148,"column":5}},"45":{"start":{"line":145,"column":4},"end":{"line":147,"column":7}},"46":{"start":{"line":146,"column":6},"end":{"line":146,"column":61}},"47":{"start":{"line":152,"column":38},"end":{"line":152,"column":78}},"48":{"start":{"line":153,"column":25},"end":{"line":153,"column":75}},"49":{"start":{"line":154,"column":19},"end":{"line":154,"column":62}},"50":{"start":{"line":155,"column":2},"end":{"line":159,"column":5}},"51":{"start":{"line":156,"column":4},"end":{"line":158,"column":7}},"52":{"start":{"line":157,"column":6},"end":{"line":157,"column":64}},"53":{"start":{"line":191,"column":16},"end":{"line":191,"column":44}},"54":{"start":{"line":193,"column":25},"end":{"line":201,"column":3}},"55":{"start":{"line":193,"column":64},"end":{"line":193,"column":81}},"56":{"start":{"line":194,"column":21},"end":{"line":194,"column":43}},"57":{"start":{"line":195,"column":24},"end":{"line":199,"column":41}},"58":{"start":{"line":200,"column":4},"end":{"line":200,"column":82}},"59":{"start":{"line":203,"column":23},"end":{"line":291,"column":3}},"60":{"start":{"line":204,"column":21},"end":{"line":204,"column":32}},"61":{"start":{"line":208,"column":4},"end":{"line":210,"column":5}},"62":{"start":{"line":209,"column":6},"end":{"line":209,"column":18}},"63":{"start":{"line":211,"column":4},"end":{"line":213,"column":5}},"64":{"start":{"line":212,"column":6},"end":{"line":212,"column":18}},"65":{"start":{"line":217,"column":4},"end":{"line":254,"column":5}},"66":{"start":{"line":218,"column":22},"end":{"line":218,"column":36}},"67":{"start":{"line":219,"column":6},"end":{"line":222,"column":7}},"68":{"start":{"line":221,"column":8},"end":{"line":221,"column":55}},"69":{"start":{"line":224,"column":34},"end":{"line":224,"column":36}},"70":{"start":{"line":225,"column":33},"end":{"line":225,"column":35}},"71":{"start":{"line":226,"column":15},"end":{"line":226,"column":14}},"72":{"start":{"line":228,"column":6},"end":{"line":231,"column":7}},"73":{"start":{"line":230,"column":8},"end":{"line":230,"column":81}},"74":{"start":{"line":233,"column":6},"end":{"line":233,"column":43}},"75":{"start":{"line":233,"column":29},"end":{"line":233,"column":41}},"76":{"start":{"line":235,"column":6},"end":{"line":237,"column":7}},"77":{"start":{"line":236,"column":8},"end":{"line":236,"column":56}},"78":{"start":{"line":239,"column":6},"end":{"line":248,"column":9}},"79":{"start":{"line":240,"column":26},"end":{"line":240,"column":80}},"80":{"start":{"line":242,"column":8},"end":{"line":244,"column":9}},"81":{"start":{"line":243,"column":10},"end":{"line":243,"column":68}},"82":{"start":{"line":246,"column":25},"end":{"line":246,"column":66}},"83":{"start":{"line":247,"column":8},"end":{"line":247,"column":85}},"84":{"start":{"line":250,"column":6},"end":{"line":252,"column":7}},"85":{"start":{"line":251,"column":8},"end":{"line":251,"column":71}},"86":{"start":{"line":253,"column":6},"end":{"line":253,"column":19}},"87":{"start":{"line":258,"column":4},"end":{"line":277,"column":5}},"88":{"start":{"line":259,"column":24},"end":{"line":259,"column":46}},"89":{"start":{"line":261,"column":23},"end":{"line":270,"column":38}},"90":{"start":{"line":262,"column":50},"end":{"line":262,"column":68}},"91":{"start":{"line":263,"column":34},"end":{"line":268,"column":35}},"92":{"start":{"line":264,"column":36},"end":{"line":264,"column":58}},"93":{"start":{"line":267,"column":36},"end":{"line":267,"column":55}},"94":{"start":{"line":269,"column":34},"end":{"line":269,"column":46}},"95":{"start":{"line":271,"column":6},"end":{"line":275,"column":7}},"96":{"start":{"line":272,"column":44},"end":{"line":272,"column":77}},"97":{"start":{"line":274,"column":8},"end":{"line":274,"column":20}},"98":{"start":{"line":276,"column":6},"end":{"line":276,"column":22}},"99":{"start":{"line":281,"column":16},"end":{"line":281,"column":36}},"100":{"start":{"line":282,"column":4},"end":{"line":288,"column":5}},"101":{"start":{"line":283,"column":26},"end":{"line":283,"column":58}},"102":{"start":{"line":285,"column":6},"end":{"line":287,"column":64}},"103":{"start":{"line":290,"column":4},"end":{"line":290,"column":16}},"104":{"start":{"line":292,"column":2},"end":{"line":292,"column":29}},"105":{"start":{"line":315,"column":2},"end":{"line":321,"column":4}},"106":{"start":{"line":316,"column":4},"end":{"line":320,"column":6}},"107":{"start":{"line":316,"column":51},"end":{"line":316,"column":67}},"108":{"start":{"line":317,"column":6},"end":{"line":319,"column":7}},"109":{"start":{"line":318,"column":8},"end":{"line":318,"column":54}},"110":{"start":{"line":320,"column":4},"end":{"line":320,"column":5}},"111":{"start":{"line":335,"column":51},"end":{"line":338,"column":1}},"112":{"start":{"line":336,"column":10},"end":{"line":336,"column":18}},"113":{"start":{"line":336,"column":20},"end":{"line":336,"column":35}},"114":{"start":{"line":337,"column":2},"end":{"line":337,"column":66}}},"fnMap":{"0":{"name":"hasUnbalancedBrackets","decl":{"start":{"line":31,"column":0},"end":{"line":31,"column":30}},"loc":{"start":{"line":31,"column":42},"end":{"line":44,"column":1}}},"1":{"name":"escapeRegExp","decl":{"start":{"line":47,"column":0},"end":{"line":47,"column":21}},"loc":{"start":{"line":47,"column":33},"end":{"line":54,"column":1}}},"2":{"name":"generateRegEx","decl":{"start":{"line":56,"column":0},"end":{"line":56,"column":22}},"loc":{"start":{"line":56,"column":38},"end":{"line":60,"column":1}}},"3":{"name":"(anonymous_8)","decl":{"start":{"line":57,"column":28},"end":{"line":57,"column":27}},"loc":{"start":{"line":57,"column":32},"end":{"line":57,"column":54}}},"4":{"name":"(anonymous_9)","decl":{"start":{"line":58,"column":30},"end":{"line":58,"column":29}},"loc":{"start":{"line":58,"column":34},"end":{"line":58,"column":44}}},"5":{"name":"decorateHtml","decl":{"start":{"line":80,"column":6},"end":{"line":80,"column":28}},"loc":{"start":{"line":80,"column":73},"end":{"line":114,"column":1}}},"6":{"name":"(anonymous_11)","decl":{"start":{"line":87,"column":27},"end":{"line":87,"column":27}},"loc":{"start":{"line":87,"column":38},"end":{"line":98,"column":3}}},"7":{"name":"(anonymous_12)","decl":{"start":{"line":95,"column":38},"end":{"line":95,"column":38}},"loc":{"start":{"line":95,"column":43},"end":{"line":95,"column":70}}},"8":{"name":"addEventListeners","decl":{"start":{"line":140,"column":6},"end":{"line":140,"column":33}},"loc":{"start":{"line":141,"column":74},"end":{"line":149,"column":1}}},"9":{"name":"(anonymous_14)","decl":{"start":{"line":144,"column":41},"end":{"line":144,"column":41}},"loc":{"start":{"line":144,"column":54},"end":{"line":148,"column":3}}},"10":{"name":"(anonymous_15)","decl":{"start":{"line":145,"column":27},"end":{"line":145,"column":26}},"loc":{"start":{"line":145,"column":35},"end":{"line":147,"column":5}}},"11":{"name":"removeEventListeners","decl":{"start":{"line":151,"column":6},"end":{"line":151,"column":36}},"loc":{"start":{"line":152,"column":78},"end":{"line":160,"column":1}}},"12":{"name":"(anonymous_17)","decl":{"start":{"line":155,"column":41},"end":{"line":155,"column":41}},"loc":{"start":{"line":155,"column":54},"end":{"line":159,"column":3}}},"13":{"name":"(anonymous_18)","decl":{"start":{"line":156,"column":27},"end":{"line":156,"column":26}},"loc":{"start":{"line":156,"column":35},"end":{"line":158,"column":5}}},"14":{"name":"decorateReact","decl":{"start":{"line":189,"column":6},"end":{"line":189,"column":29}},"loc":{"start":{"line":189,"column":78},"end":{"line":293,"column":1}}},"15":{"name":"(anonymous_20)","decl":{"start":{"line":193,"column":25},"end":{"line":193,"column":25}},"loc":{"start":{"line":193,"column":81},"end":{"line":201,"column":3}}},"16":{"name":"(anonymous_21)","decl":{"start":{"line":203,"column":23},"end":{"line":203,"column":23}},"loc":{"start":{"line":203,"column":39},"end":{"line":291,"column":3}}},"17":{"name":"(anonymous_22)","decl":{"start":{"line":239,"column":22},"end":{"line":239,"column":22}},"loc":{"start":{"line":239,"column":35},"end":{"line":248,"column":7}}},"18":{"name":"(anonymous_23)","decl":{"start":{"line":261,"column":56},"end":{"line":261,"column":56}},"loc":{"start":{"line":261,"column":67},"end":{"line":270,"column":33}}},"19":{"name":"(anonymous_24)","decl":{"start":{"line":272,"column":25},"end":{"line":272,"column":25}},"loc":{"start":{"line":272,"column":37},"end":{"line":272,"column":79}}},"20":{"name":"decorateReactHOC","decl":{"start":{"line":314,"column":6},"end":{"line":314,"column":32}},"loc":{"start":{"line":314,"column":63},"end":{"line":322,"column":1}}},"21":{"name":"(anonymous_26)","decl":{"start":{"line":315,"column":9},"end":{"line":315,"column":27}},"loc":{"start":{"line":315,"column":69},"end":{"line":321,"column":3}}},"22":{"name":"(anonymous_27)","decl":{"start":{"line":316,"column":4},"end":{"line":null,"column":-1}},"loc":{"start":{"line":316,"column":4},"end":{"line":316,"column":11}}},"23":{"name":"DecoratedWrappedComponent","decl":{"start":{"line":316,"column":11},"end":{"line":null,"column":-1}},"loc":{"start":{"line":316,"column":11},"end":{"line":320,"column":5}}},"24":{"name":"(anonymous_29)","decl":{"start":{"line":317,"column":6},"end":{"line":null,"column":-1}},"loc":{"start":{"line":317,"column":6},"end":{"line":319,"column":7}}},"25":{"name":"(anonymous_30)","decl":{"start":{"line":335,"column":51},"end":{"line":335,"column":51}},"loc":{"start":{"line":335,"column":57},"end":{"line":338,"column":1}}}},"branchMap":{"0":{"loc":{"start":{"line":35,"column":4},"end":{"line":41,"column":5}},"type":"if","locations":[{"start":{"line":35,"column":4},"end":{"line":41,"column":5}},{"start":{"line":35,"column":4},"end":{"line":41,"column":5}}]},"1":{"loc":{"start":{"line":38,"column":9},"end":{"line":41,"column":5}},"type":"if","locations":[{"start":{"line":38,"column":9},"end":{"line":41,"column":5}},{"start":{"line":38,"column":9},"end":{"line":41,"column":5}}]},"2":{"loc":{"start":{"line":39,"column":6},"end":{"line":39,"column":41}},"type":"if","locations":[{"start":{"line":39,"column":6},"end":{"line":39,"column":41}},{"start":{"line":39,"column":6},"end":{"line":39,"column":41}}]},"3":{"loc":{"start":{"line":50,"column":20},"end":{"line":50,"column":53}},"type":"cond-expr","locations":[{"start":{"line":50,"column":20},"end":{"line":50,"column":53}},{"start":{"line":52,"column":20},"end":{"line":52,"column":49}}]},"4":{"loc":{"start":{"line":89,"column":4},"end":{"line":96,"column":5}},"type":"if","locations":[{"start":{"line":89,"column":4},"end":{"line":96,"column":5}},{"start":{"line":89,"column":4},"end":{"line":96,"column":5}}]},"5":{"loc":{"start":{"line":94,"column":9},"end":{"line":96,"column":5}},"type":"if","locations":[{"start":{"line":94,"column":9},"end":{"line":96,"column":5}},{"start":{"line":94,"column":9},"end":{"line":96,"column":5}}]},"6":{"loc":{"start":{"line":94,"column":13},"end":{"line":94,"column":36}},"type":"binary-expr","locations":[{"start":{"line":94,"column":13},"end":{"line":94,"column":36}},{"start":{"line":94,"column":40},"end":{"line":94,"column":70}}]},"7":{"loc":{"start":{"line":107,"column":4},"end":{"line":111,"column":5}},"type":"if","locations":[{"start":{"line":107,"column":4},"end":{"line":111,"column":5}},{"start":{"line":107,"column":4},"end":{"line":111,"column":5}}]},"8":{"loc":{"start":{"line":108,"column":41},"end":{"line":108,"column":75}},"type":"cond-expr","locations":[{"start":{"line":108,"column":41},"end":{"line":108,"column":75}},{"start":{"line":108,"column":78},"end":{"line":108,"column":80}}]},"9":{"loc":{"start":{"line":109,"column":51},"end":{"line":109,"column":80}},"type":"cond-expr","locations":[{"start":{"line":109,"column":51},"end":{"line":109,"column":80}},{"start":{"line":109,"column":83},"end":{"line":109,"column":85}}]},"10":{"loc":{"start":{"line":141,"column":34},"end":{"line":141,"column":74}},"type":"if","locations":[{"start":{"line":141,"column":34},"end":{"line":141,"column":74}},{"start":{"line":141,"column":34},"end":{"line":141,"column":74}}]},"11":{"loc":{"start":{"line":142,"column":52},"end":{"line":142,"column":61}},"type":"cond-expr","locations":[{"start":{"line":142,"column":52},"end":{"line":142,"column":61}},{"start":{"line":142,"column":64},"end":{"line":142,"column":75}}]},"12":{"loc":{"start":{"line":152,"column":38},"end":{"line":152,"column":78}},"type":"if","locations":[{"start":{"line":152,"column":38},"end":{"line":152,"column":78}},{"start":{"line":152,"column":38},"end":{"line":152,"column":78}}]},"13":{"loc":{"start":{"line":153,"column":52},"end":{"line":153,"column":61}},"type":"cond-expr","locations":[{"start":{"line":153,"column":52},"end":{"line":153,"column":61}},{"start":{"line":153,"column":64},"end":{"line":153,"column":75}}]},"14":{"loc":{"start":{"line":193,"column":64},"end":{"line":193,"column":81}},"type":"if","locations":[{"start":{"line":193,"column":64},"end":{"line":193,"column":81}},{"start":{"line":193,"column":64},"end":{"line":193,"column":81}}]},"15":{"loc":{"start":{"line":196,"column":28},"end":{"line":196,"column":33}},"type":"cond-expr","locations":[{"start":{"line":196,"column":28},"end":{"line":196,"column":33}},{"start":{"line":197,"column":29},"end":{"line":199,"column":40}}]},"16":{"loc":{"start":{"line":195,"column":25},"end":{"line":195,"column":41}},"type":"binary-expr","locations":[{"start":{"line":195,"column":25},"end":{"line":195,"column":41}},{"start":{"line":195,"column":47},"end":{"line":195,"column":68}}]},"17":{"loc":{"start":{"line":198,"column":32},"end":{"line":198,"column":62}},"type":"cond-expr","locations":[{"start":{"line":198,"column":32},"end":{"line":198,"column":62}},{"start":{"line":199,"column":32},"end":{"line":199,"column":40}}]},"18":{"loc":{"start":{"line":208,"column":4},"end":{"line":210,"column":5}},"type":"if","locations":[{"start":{"line":208,"column":4},"end":{"line":210,"column":5}},{"start":{"line":208,"column":4},"end":{"line":210,"column":5}}]},"19":{"loc":{"start":{"line":208,"column":9},"end":{"line":208,"column":21}},"type":"binary-expr","locations":[{"start":{"line":208,"column":9},"end":{"line":208,"column":21}},{"start":{"line":208,"column":27},"end":{"line":208,"column":49}},{"start":{"line":208,"column":55},"end":{"line":208,"column":76}}]},"20":{"loc":{"start":{"line":211,"column":4},"end":{"line":213,"column":5}},"type":"if","locations":[{"start":{"line":211,"column":4},"end":{"line":213,"column":5}},{"start":{"line":211,"column":4},"end":{"line":213,"column":5}}]},"21":{"loc":{"start":{"line":211,"column":8},"end":{"line":211,"column":16}},"type":"binary-expr","locations":[{"start":{"line":211,"column":8},"end":{"line":211,"column":16}},{"start":{"line":211,"column":20},"end":{"line":211,"column":34}},{"start":{"line":211,"column":38},"end":{"line":211,"column":59}},{"start":{"line":211,"column":64},"end":{"line":211,"column":87}}]},"22":{"loc":{"start":{"line":217,"column":4},"end":{"line":254,"column":5}},"type":"if","locations":[{"start":{"line":217,"column":4},"end":{"line":254,"column":5}},{"start":{"line":217,"column":4},"end":{"line":254,"column":5}}]},"23":{"loc":{"start":{"line":219,"column":6},"end":{"line":222,"column":7}},"type":"if","locations":[{"start":{"line":219,"column":6},"end":{"line":222,"column":7}},{"start":{"line":219,"column":6},"end":{"line":222,"column":7}}]},"24":{"loc":{"start":{"line":233,"column":6},"end":{"line":233,"column":43}},"type":"if","locations":[{"start":{"line":233,"column":6},"end":{"line":233,"column":43}},{"start":{"line":233,"column":6},"end":{"line":233,"column":43}}]},"25":{"loc":{"start":{"line":235,"column":6},"end":{"line":237,"column":7}},"type":"if","locations":[{"start":{"line":235,"column":6},"end":{"line":237,"column":7}},{"start":{"line":235,"column":6},"end":{"line":237,"column":7}}]},"26":{"loc":{"start":{"line":235,"column":11},"end":{"line":235,"column":31}},"type":"binary-expr","locations":[{"start":{"line":235,"column":11},"end":{"line":235,"column":31}},{"start":{"line":235,"column":37},"end":{"line":235,"column":59}},{"start":{"line":235,"column":65},"end":{"line":235,"column":98}}]},"27":{"loc":{"start":{"line":240,"column":38},"end":{"line":240,"column":56}},"type":"cond-expr","locations":[{"start":{"line":240,"column":38},"end":{"line":240,"column":56}},{"start":{"line":240,"column":59},"end":{"line":240,"column":80}}]},"28":{"loc":{"start":{"line":242,"column":8},"end":{"line":244,"column":9}},"type":"if","locations":[{"start":{"line":242,"column":8},"end":{"line":244,"column":9}},{"start":{"line":242,"column":8},"end":{"line":244,"column":9}}]},"29":{"loc":{"start":{"line":250,"column":6},"end":{"line":252,"column":7}},"type":"if","locations":[{"start":{"line":250,"column":6},"end":{"line":252,"column":7}},{"start":{"line":250,"column":6},"end":{"line":252,"column":7}}]},"30":{"loc":{"start":{"line":258,"column":4},"end":{"line":277,"column":5}},"type":"if","locations":[{"start":{"line":258,"column":4},"end":{"line":277,"column":5}},{"start":{"line":258,"column":4},"end":{"line":277,"column":5}}]},"31":{"loc":{"start":{"line":263,"column":34},"end":{"line":268,"column":35}},"type":"if","locations":[{"start":{"line":263,"column":34},"end":{"line":268,"column":35}},{"start":{"line":263,"column":34},"end":{"line":268,"column":35}}]},"32":{"loc":{"start":{"line":271,"column":6},"end":{"line":275,"column":7}},"type":"if","locations":[{"start":{"line":271,"column":6},"end":{"line":275,"column":7}},{"start":{"line":271,"column":6},"end":{"line":275,"column":7}}]},"33":{"loc":{"start":{"line":271,"column":11},"end":{"line":271,"column":47}},"type":"binary-expr","locations":[{"start":{"line":271,"column":11},"end":{"line":271,"column":47}},{"start":{"line":272,"column":10},"end":{"line":272,"column":80}}]},"34":{"loc":{"start":{"line":282,"column":4},"end":{"line":288,"column":5}},"type":"if","locations":[{"start":{"line":282,"column":4},"end":{"line":288,"column":5}},{"start":{"line":282,"column":4},"end":{"line":288,"column":5}}]},"35":{"loc":{"start":{"line":282,"column":8},"end":{"line":282,"column":17}},"type":"binary-expr","locations":[{"start":{"line":282,"column":8},"end":{"line":282,"column":17}},{"start":{"line":282,"column":21},"end":{"line":282,"column":39}}]},"36":{"loc":{"start":{"line":286,"column":16},"end":{"line":286,"column":19}},"type":"cond-expr","locations":[{"start":{"line":286,"column":16},"end":{"line":286,"column":19}},{"start":{"line":287,"column":16},"end":{"line":287,"column":63}}]}},"s":{"0":42,"1":42,"2":179,"3":179,"4":2,"5":177,"6":3,"7":2,"8":1,"9":40,"10":42,"11":42,"12":47,"13":42,"14":42,"15":47,"16":14,"17":14,"18":14,"19":14,"20":14,"21":39,"22":39,"23":19,"24":19,"25":19,"26":20,"27":18,"28":25,"29":39,"30":14,"31":14,"32":14,"33":19,"34":19,"35":19,"36":19,"37":10,"38":10,"39":10,"40":14,"41":5,"42":3,"43":3,"44":3,"45":3,"46":4,"47":5,"48":3,"49":3,"50":3,"51":3,"52":4,"53":33,"54":33,"55":20,"56":15,"57":15,"58":15,"59":33,"60":69,"61":69,"62":12,"63":57,"64":4,"65":53,"66":26,"67":26,"68":9,"69":17,"70":17,"71":17,"72":17,"73":15,"74":17,"75":4,"76":13,"77":5,"78":8,"79":10,"80":10,"81":6,"82":10,"83":10,"84":8,"85":5,"86":8,"87":27,"88":6,"89":6,"90":17,"91":17,"92":2,"93":15,"94":17,"95":6,"96":12,"97":1,"98":5,"99":21,"100":21,"101":19,"102":19,"103":2,"104":33,"105":1,"106":1,"107":1,"108":1,"109":1,"110":1,"111":4,"112":1,"113":1,"114":1},"f":{"0":42,"1":42,"2":47,"3":42,"4":42,"5":14,"6":39,"7":25,"8":3,"9":3,"10":4,"11":3,"12":3,"13":4,"14":33,"15":15,"16":69,"17":10,"18":17,"19":12,"20":1,"21":1,"22":1,"23":1,"24":1,"25":1},"b":{"0":[2,177],"1":[3,174],"2":[2,1],"3":[3,39],"4":[19,20],"5":[18,2],"6":[20,19],"7":[10,9],"8":[3,7],"9":[4,6],"10":[2,1],"11":[1,2],"12":[2,1],"13":[1,2],"14":[5,10],"15":[6,9],"16":[15,9],"17":[8,1],"18":[12,57],"19":[69,65,61],"20":[4,53],"21":[57,57,57,53],"22":[26,27],"23":[9,17],"24":[4,13],"25":[5,8],"26":[13,12,8],"27":[2,8],"28":[6,4],"29":[5,3],"30":[6,21],"31":[2,15],"32":[1,5],"33":[6,4],"34":[19,2],"35":[21,21],"36":[7,12]}}
}
