TN:
SF:/Users/kswenson/Development/precipitating-change/text-plugins/packages/text-decorator/src/text-decorator.ts
FN:31,hasUnbalancedBrackets
FN:47,escapeRegExp
FN:56,generateRegEx
FN:57,(anonymous_8)
FN:58,(anonymous_9)
FN:80,decorateHtml
FN:87,(anonymous_11)
FN:95,(anonymous_12)
FN:140,addEventListeners
FN:144,(anonymous_14)
FN:145,(anonymous_15)
FN:151,removeEventListeners
FN:155,(anonymous_17)
FN:156,(anonymous_18)
FN:189,decorateReact
FN:193,(anonymous_20)
FN:203,(anonymous_21)
FN:239,(anonymous_22)
FN:261,(anonymous_23)
FN:272,(anonymous_24)
FN:314,decorateReactHOC
FN:315,(anonymous_26)
FN:316,(anonymous_27)
FN:316,DecoratedWrappedComponent
FN:317,(anonymous_29)
FN:335,(anonymous_30)
FNF:26
FNH:26
FNDA:42,hasUnbalancedBrackets
FNDA:42,escapeRegExp
FNDA:47,generateRegEx
FNDA:42,(anonymous_8)
FNDA:42,(anonymous_9)
FNDA:14,decorateHtml
FNDA:39,(anonymous_11)
FNDA:25,(anonymous_12)
FNDA:3,addEventListeners
FNDA:3,(anonymous_14)
FNDA:4,(anonymous_15)
FNDA:3,removeEventListeners
FNDA:3,(anonymous_17)
FNDA:4,(anonymous_18)
FNDA:33,decorateReact
FNDA:15,(anonymous_20)
FNDA:69,(anonymous_21)
FNDA:10,(anonymous_22)
FNDA:17,(anonymous_23)
FNDA:12,(anonymous_24)
FNDA:1,decorateReactHOC
FNDA:1,(anonymous_26)
FNDA:1,(anonymous_27)
FNDA:1,DecoratedWrappedComponent
FNDA:1,(anonymous_29)
FNDA:1,(anonymous_30)
DA:32,42
DA:33,42
DA:34,179
DA:35,179
DA:36,2
DA:38,177
DA:39,3
DA:40,1
DA:43,40
DA:48,42
DA:53,42
DA:57,47
DA:58,42
DA:59,47
DA:81,14
DA:83,14
DA:84,14
DA:85,14
DA:87,14
DA:88,39
DA:89,39
DA:90,19
DA:91,19
DA:92,19
DA:94,20
DA:95,25
DA:97,39
DA:99,14
DA:102,14
DA:103,14
DA:104,19
DA:105,19
DA:106,19
DA:107,19
DA:108,10
DA:109,10
DA:110,10
DA:113,14
DA:141,5
DA:142,3
DA:143,3
DA:144,3
DA:145,3
DA:146,4
DA:152,5
DA:153,3
DA:154,3
DA:155,3
DA:156,3
DA:157,4
DA:191,33
DA:193,33
DA:194,15
DA:195,15
DA:200,15
DA:203,33
DA:204,69
DA:208,69
DA:209,12
DA:211,57
DA:212,4
DA:217,53
DA:218,26
DA:219,26
DA:221,9
DA:224,17
DA:225,17
DA:226,17
DA:228,17
DA:230,15
DA:233,17
DA:235,13
DA:236,5
DA:239,8
DA:240,10
DA:242,10
DA:243,6
DA:246,10
DA:247,10
DA:250,8
DA:251,5
DA:253,8
DA:258,27
DA:259,6
DA:261,6
DA:262,17
DA:263,17
DA:264,2
DA:267,15
DA:269,17
DA:271,6
DA:272,12
DA:274,1
DA:276,5
DA:281,21
DA:282,21
DA:283,19
DA:285,19
DA:290,2
DA:292,33
DA:315,1
DA:316,1
DA:317,1
DA:318,1
DA:320,1
DA:335,4
DA:336,1
DA:337,1
LF:108
LH:108
BRDA:35,0,0,2
BRDA:35,0,1,177
BRDA:38,1,0,3
BRDA:38,1,1,174
BRDA:39,2,0,2
BRDA:39,2,1,1
BRDA:50,3,0,3
BRDA:50,3,1,39
BRDA:89,4,0,19
BRDA:89,4,1,20
BRDA:94,5,0,18
BRDA:94,5,1,2
BRDA:94,6,0,20
BRDA:94,6,1,19
BRDA:107,7,0,10
BRDA:107,7,1,9
BRDA:108,8,0,3
BRDA:108,8,1,7
BRDA:109,9,0,4
BRDA:109,9,1,6
BRDA:141,10,0,2
BRDA:141,10,1,1
BRDA:142,11,0,1
BRDA:142,11,1,2
BRDA:152,12,0,2
BRDA:152,12,1,1
BRDA:153,13,0,1
BRDA:153,13,1,2
BRDA:193,14,0,5
BRDA:193,14,1,10
BRDA:196,15,0,6
BRDA:196,15,1,9
BRDA:195,16,0,15
BRDA:195,16,1,9
BRDA:198,17,0,8
BRDA:198,17,1,1
BRDA:208,18,0,12
BRDA:208,18,1,57
BRDA:208,19,0,69
BRDA:208,19,1,65
BRDA:208,19,2,61
BRDA:211,20,0,4
BRDA:211,20,1,53
BRDA:211,21,0,57
BRDA:211,21,1,57
BRDA:211,21,2,57
BRDA:211,21,3,53
BRDA:217,22,0,26
BRDA:217,22,1,27
BRDA:219,23,0,9
BRDA:219,23,1,17
BRDA:233,24,0,4
BRDA:233,24,1,13
BRDA:235,25,0,5
BRDA:235,25,1,8
BRDA:235,26,0,13
BRDA:235,26,1,12
BRDA:235,26,2,8
BRDA:240,27,0,2
BRDA:240,27,1,8
BRDA:242,28,0,6
BRDA:242,28,1,4
BRDA:250,29,0,5
BRDA:250,29,1,3
BRDA:258,30,0,6
BRDA:258,30,1,21
BRDA:263,31,0,2
BRDA:263,31,1,15
BRDA:271,32,0,1
BRDA:271,32,1,5
BRDA:271,33,0,6
BRDA:271,33,1,4
BRDA:282,34,0,19
BRDA:282,34,1,2
BRDA:282,35,0,21
BRDA:282,35,1,21
BRDA:286,36,0,7
BRDA:286,36,1,12
BRF:78
BRH:78
end_of_record
